[   .00000Intialin cgupsubs cuset
[   00000]niialingcgro subs pu
[  00000] italizg cgupubsys uact
  0.0000 Lux vsi 44.0-6-neric uidd@l01md6423gcverson5.4.201609(Ubuu 4.0-buu116.09)) #1-Untu P n Feb  222:4UT 201(Uuntu.40-1114genec 4.98
  0.0000 KERL ppord pus:[   0.00]   teGenueIel
  0.0000  MD AheicAM
[  0.0000  NSGee bySC
[  0.0000  yrx CyxItead
[   0.000   CeauCentrHuls   0.000   Tnsta GuiTMx8
[  0.00]   aneta rasmetPU
[  00000]  U UMCUMC C
[  .00000] 86/pu: xstatofset[2] 56, xatsize2]  25
   00000] 86pu: pprtig XVE ftue 0x: x87 ftingpot egiser'
[   00000 x6/fp Suprting XSE eatrex0: 'SSErestrs
[    0.00000 x86puSupprtg SAVEfeur 0x0: VXregiters
[    0.000000] x86/fpu: Enabled xstate features 0x7, context size is 832 bytes, using 'standard' format.
[    .00000] x86/fpu: Using 'lazy' FPU context switches.
[    0.000000] e820: BIOS-provided physical RAM map:
[    0.000000] BIOS-e820: [mem 0x0000000000000000-0x000000000009fbff] usale
[   0.000000] BIOS-82 [mem 0x000000000009fc00-0x000000000009ffff] reserved
[    0.000000] BIO-e0: [mm 00000000000-00000000fff] rseed
[  0.0000] IOe80: [emx000000000100000-0x000000003ffeffff] usable
[   00000 BS-820:[memx0000000ff00-0000003ffff] CPI da[   00000]IO-e20: me 0000000ec00000x00000fe0fff]rervd
[  0.000000]BIOS820: [em0x000000ee000-x00000eefff]rerved[    0.000]BIOSe8: mem 0x00000ffc000x00000ffffff reserved
[    0.000000] NX (Execute Disable) protection: active
[    0.000000] SMBIOS 2.5 pesent.
[  .00000 Hypviso deteced: KV
   0000] e8: ast_n  0x3fff0maarchpf= x10000
[   00000] RR: isle
  0.00000] x86/PAT: MTRRs disabld,kiping ATniialiti too.
  0.0000] CPUMTRRs all bank - vrtlied system.
[    0.000000 x6/PAT:onguratio[0]: W  T  UC- UC  WB  WT  UC- UC  
[   0.00000] funSMP MP-ableat[m 000ff-0x009fff mped t c009ff
    .000] canig  are forowmemoy rruption
[    .000] RAMDSK [m 36a900x3756f]
[  .00000ACI: Erly table checksum veriicion isbled
[  0.000] ACI: RP 0x0000000E000 000 (v02BO  )    .0000] ACPI XT 0x000003FF30 000 (v0 VX   BOXS 000000AS 000061)
[    .0000]CP: AC0x00003FF00F0000 (04BOX   VBOXFACP 00000001 ASL  00000061)
[    0.000000]ACPI: SDT 0x000000003FFF470021FF (02 VOX  VBBIOS 00002 INTL 20100528)
[    0.000000] ACPI: FACS 0x000000003FFF0200 000040
[    00000] APIFACSx000003FFF200000
[  0.000000] ACPI:PI 0x000003FF00 0005Cv0 VBOX   VBOXAPIC 00000001 ASL  00000061)[  0.000 ACP SDT x0000003FF02 001CC (v01 BO  VBOXCPUT 00002 ITL 201528)
[    0.000000] 131MB HIGHMEM availale.
[   0.000000] 891B OWME availabl.
[   0.000000]  mapped owram: 0 - 3bf00
[  0.0000]  lowra: 0 -7bfe0
[  0.0000] vmcloc: ing mrs 4b54d and 456d00[   0.0000] vm-cck  cp 0 msr:3bfd01 primy pu coc
[  0.0000 kvm-clckusng heoffseof3820504cycl
    0.00] closoce: km-oc: mas: ffffffffffffma_cycs: 0cd2e4dfb maxdl_ns:8890591483 n
    00000]Zo ranes
[    000000   DMA    [em0x0000000000001000-0x0000000000ffffff]
[    0.000000]   Normal   [mem 0x0000000001000000-0x0000000037bfdfff]
[    0.000000]   HighMem  [mem 0x0000000037bfe000-0x000000003ffeffff]
[    0.000000] Movable zone start for each node
[    0.000000] Early memory node ranges
[    0.000000]   node   0: [mem 0x0000000000001000-0x000000000009efff]
[    0.00000  no   0 [em 00000000000000x000000ffeff]
   00000 Iitm etupod 0 [m 0x00000000000-0x00000003ffeff]
[   000000]Usg PIC ivr defat
[    0.000] AI:PMimr IOor: x400
    0.000] IOPI[0: ap_id , rsio32, ddrssxfec000, GI -23
[   .00000] PI: T_SR_OR (bs  busrq 0glbal_q 2 df dl)
   0.000] AC: IN_SC_OV (us 0bu_irq9 obal_iq low ev)
[    .00000] Usg PI (MADT) for SM configuration information
[    0.0000] pbot: lling CPs, 0 hotplg Us
    0.000] PM: Registre nosave emy: [m x000000-0x000ff]
[   00000] P Regstred savemeory:mem 0x00000-0009fff]    0.000000] PM: Registered nosave memory: [mem 0x000a0000-0x000effff]
[    0.000000] PM: Registerd osav mmory:[mm 0x00000-x00ffff]
[   00000]820:mem 400000-0feffff avaableor PCI evic
[  0.0000] Botig parairalizd ernelonKVM
[  0.0000] ocksure: rinedjifies msk: 0xffffffff max_cycles: 0xffffffff, max_idle_ns: 7645519600211568 ns
[    00000] etp_percpu:NR_CUS8 _cpusk_bs:8 nrpu_ids: n_nodids:1[   0.00000 PERCP: bedd 19 pges/puf76b00 s4436 r d388 774
[  0.00000]V spinlockhah table enri: 12orer: 0 46 byes
[    0.0000] Built 1 zonelists in Zone order, mobility grouping on.  Total pages: 259800
[    0.00000] ernl commad line: BOOT_MAGE=/boot/vlinuz-4.4.0-116-generic root=LABEL=cloudimg-rootfs ro console=tty1 conole=ttyS0
[    0.000000] PID ash tabl entries: 4096 (order: 2, 16384 bytes)
[    0.000000] Dentry cache hash table entries: 131072 (order: 7, 524288 bytes)
[    0.000000] Inode-cache hash table entries: 65536 (order: 6, 262144 byts)
[    0.000000] Initiaizing PU#
[   .0000] Iitalizing HighMm r node0 0003fe:003f0)
[   000000] ItilizingMoble for node 0 (00000000:00000000)
[    00000] Memry 1194410120K availbl (007K ernl ode, 781K rwdata 3172K rodata, 948K iit, 00K bs, 176K rsevved 0K mareserv, 1352Khighmm)
[   0.000000] virtual kernel memory layout:
[    .000000]     fixmap  : 0xffff15000 - 0xffff000  ( 93 k
    000000]   pkmp   : ffc000 - 0ff0000  (2048 kB)
[    0.000000]     vmalloc : 0xf3fe000 - 0xfffe00   ( 120 MB)
[    0.000000]     lowmem  : 0xc0000000 -0xbfe00 ( 89MB
[    .000]       ni : xc1b2000- xc1c00   (48 kB
   00000]       .data : 0xc1d234 - 0c1b0780 (3961 B)
[    0.00000     .text : 0xc10000 - 0c1214   808 k)[   00000]hecking i tis ocssorhoours te  bit en in superso mode.Ok
[  0000000]SLUB HWalin=, Order=0-3, MinObjects=0, CPUs=2, Nodes=1
   0.0000] ierachcalRC ilementti.
[   00000] Buld-tie justen o le fnouto 32
[   .0000] 	RC rstricin CPU fom NR_CPUS8  nr_puds2.
[    0.000000] RCU: Adjusting geometryforcu_fanout_leaf=32 n_cu_id2[    0.000000] NR_IRQS:2304 nr_irqs:4416
[   00000]onole: colour VGA 8x25
[   00000] console [tty1] enable
  0.0000 conle[ttyS] able
    0.000000] allocated 1048576 tes of page_ext
[   0.00000] tc: Detected 2903.996 MHz processor
[   29.248461] Calibrating delay loop (skipped) preset value.. 5807.99 BogoMIPS (lpj=11615984)
[   29.312074] pid_max: default: 32768 minimum: 301
[   29.384684] ACPI: Core revision 20150930
[   29.440040] ACPI: 2 ACPI AML tables successfully acquired and loaded
[   29.487323] Security Framework initialized
[   29.511233] Yama: becoming mindful.
[   29.532799] AppArmor: AppArmor initialized
[   29.539716] Mount-cache hash table entries: 2048 (order: 1, 8192 bytes)
[   29.541039] Mountpoint-cache hash table entries: 2048 (order: 1, 8192 bytes)
[   29.597599] Initializing cgroup subsys io
[   29.701235] Initializing cgroup subsys memory
[   29.761163] Initializing cgroup subsys devices
[   29.772907] Initializing cgroup subsys freezer
[   29.780687] Initializing cgroup subsys net_cls
[   29.808128] Initializing cgroup subsys perf_event
[   29.830137] Initializing cgroup subsys net_prio
[   29.902785] Initializing cgroup subsys hugetlb
[   29.990937] Initializing cgroup subsys pids
[   30.085088] CPU: Physical Processor ID: 0
[   30.127231] CPU: Processor Core ID: 0
[   30.208897] FEATURE SPEC_CTRL Not Present
[   30.271671] mce: CPU supports 0 MCE banks
[   30.273781] Last level iTLB entries: 4KB 64, 2MB 8, 4MB 8
[   30.334537] Last level dTLB entries: 4KB 64, 2MB 0, 4MB 0, 1GB 4
[   30.338966] Spectre V2 mitigation: Mitigation: Full generic retpoline
[   30.403190] Spectre V2 mitigation: Speculation control IBPB not-supported IBRS not-supported
[   30.457566] Freeing SMP alternatives memory: 28K
[   30.513527] ftrace: allocating 31457 entries in 62 pages
[   30.591730] smpboot: APIC(0) Converting physical 0 to logical package 0
[   30.673752] smpboot: Max logical packages: 1
[   30.744366] Enabling APIC mode:  Flat.  Using 1 I/O APICs
[   30.808254] ..TIMER: vector=0x30 apic1=0 pin1=2 apic2=-1 pin2=-1
[   30.968988] smpboot: CPU0: Intel(R) Core(TM) i7-7500U CPU @ 2.70GHz (family: 0x6, model: 0x8e, stepping: 0x9)
[   31.060385] Performance Events: unsupported p6 CPU model 142 no PMU driver, software events only.
[   31.248961] KVM setup paravirtual spinlock
[   31.330586] x86: Booting SMP configuration:
[   31.379303] .... node  #0, CPUs:      #1
[1266874885.888966] Initializing CPU#1
[   31.449862] kvm-clock: cpu 1, msr 0:37bfd041, secondary cpu clock
[   31.458008] mce: CPU supports 0 MCE banks
[   31.477318] x86: Booted up 1 node, 2 CPUs
[   31.537461] smpboot: Total of 2 processors activated (11615.98 BogoMIPS)
[   31.608456] devtmpfs: initialized
[   31.654171] evm: security.selinux
[   31.686497] evm: security.SMACK64
[   31.728745] evm: security.SMACK64EXEC
[   31.731283] evm: security.SMACK64TRANSMUTE
[   31.786574] evm: security.SMACK64MMAP
[   31.842886] evm: security.ima
[   31.884840] evm: security.capability
[   31.928089] clocksource: jiffies: mask: 0xffffffff max_cycles: 0xffffffff, max_idle_ns: 7645041785100000 ns
[   32.054934] futex hash table entries: 512 (order: 3, 32768 bytes)
[   32.152546] pinctrl core: initialized pinctrl subsystem
[   32.229523] RTC time:  1:25:36, date: 04/02/18
[   32.243291] NET: Registered protocol family 16
[   32.287370] EISA bus registered
[   32.359684] cpuidle: using governor ladder
[   32.438867] cpuidle: using governor menu
[   32.519905] PCCT header not found.
[   32.562961] ACPI: bus type PCI registered
[   32.651373] acpiphp: ACPI Hot Plug PCI Controller Driver version: 0.5
[   32.748407] PCI : PCI BIOS area is rw and x. Use pci=nobios if you want it NX.
[   32.817218] PCI: PCI BIOS revision 2.10 entry at 0xfda26, last bus=0
[   32.859266] PCI: Using configuration type 1 for base access
[   32.880530] ACPI: Added _OSI(Module Device)
[   32.970736] ACPI: Added _OSI(Processor Device)
[   33.037876] ACPI: Added _OSI(3.0 _SCP Extensions)
[   33.090497] ACPI: Added _OSI(Processor Aggregator Device)
[   33.096195] ACPI: Executed 1 blocks of module-level executable AML code
[   33.146289] ACPI: Interpreter enabled
[   33.209460] ACPI: (supports S0 S5)
[   33.227689] ACPI: Using IOAPIC for interrupt routing
[   33.309583] PCI: Using host bridge windows from ACPI; if necessary, use "pci=nocrs" and report a bug
[   33.335061] ACPI: PCI Root Bridge [PCI0] (domain 0000 [bus 00-ff])
[   33.407711] acpi PNP0A03:00: _OSC: OS supports [ASPM ClockPM Segments MSI]
[   33.470288] acpi PNP0A03:00: _OSC: not requesting OS control; OS requires [ExtendedConfig ASPM ClockPM MSI]
[   33.590490] acpi PNP0A03:00: fail to add MMCONFIG information, can't access extended PCI configuration space under this bridge.
[   33.765529] PCI host bridge to bus 0000:00
[   33.819965] pci_bus 0000:00: root bus resource [io  0x0000-0x0cf7 window]
[   33.889629] pci_bus 0000:00: root bus resource [io  0x0d00-0xffff window]
[   34.037027] pci_bus 0000:00: root bus resource [mem 0x000a0000-0x000bffff window]
[   34.100845] pci_bus 0000:00: root bus resource [mem 0x40000000-0xfdffffff window]
[   34.207715] pci_bus 0000:00: root bus resource [bus 00-ff]
[   34.293380] pci 0000:00:01.1: legacy IDE quirk: reg 0x10: [io  0x01f0-0x01f7]
[   34.403850] pci 0000:00:01.1: legacy IDE quirk: reg 0x14: [io  0x03f6]
[   34.420604] pci 0000:00:01.1: legacy IDE quirk: reg 0x18: [io  0x0170-0x0177]
[   34.466046] pci 0000:00:01.1: legacy IDE quirk: reg 0x1c: [io  0x0376]
[   34.512824] pci 0000:00:07.0: quirk: [io  0x4000-0x403f] claimed by PIIX4 ACPI
[   34.597831] pci 0000:00:07.0: quirk: [io  0x4100-0x410f] claimed by PIIX4 SMB
[   34.715607] ACPI: PCI Interrupt Link [LNKA] (IRQs 5 9 10 *11)
[   34.762437] ACPI: PCI Interrupt Link [LNKB] (IRQs 5 9 *10 11)
[   34.848368] ACPI: PCI Interrupt Link [LNKC] (IRQs 5 *9 10 11)
[   34.853084] ACPI: PCI Interrupt Link [LNKD] (IRQs 5 9 10 *11)
[   34.865156] ACPI: Enabled 2 GPEs in block 00 to 07
[   34.867289] vgaarb: setting as boot device: PCI:0000:00:02.0
[   34.868583] vgaarb: device added: PCI:0000:00:02.0,decodes=io+mem,owns=io+mem,locks=none
[   34.872041] vgaarb: loaded
[   34.933605] vgaarb: bridge control possible 0000:00:02.0
[   34.985065] SCSI subsystem initialized
[   35.042994] ACPI: bus type USB registered
[   35.097537] usbcore: registered new interface driver usbfs
[   35.136824] usbcore: registered new interface driver hub
[   35.233607] usbcore: registered new device driver usb
[   35.305526] PCI: Using ACPI for IRQ routing
[   35.381550] NetLabel: Initializing
[   35.414695] NetLabel:  domain hash size = 128
[   35.419866] NetLabel:  protocols = UNLABELED CIPSOv4
[   35.489722] NetLabel:  unlabeled traffic allowed by default
[   35.516106] amd_nb: Cannot enumerate AMD northbridges
[   35.521952] clocksource: Switched to clocksource kvm-clock
[   5.615]ppmor: AppArmor Filesystem nabed[ 35.407] pp: PnP ACPI init
[  36.153148] pnp: PnP ACPI: found 3 devices
[   36.182760] PnPBIOS: Disabled by ACPI PNP

[   6.78] ocoue:cp_pm: mask: 0xffffff max_cycles: 0xffffff, max_idle_s:205702 n
[ 36085]NET:egted otolamy 

[   376947]TCesblheha tabe trs:81 (rd:  368yt)
[  .8439] P nd has tleentris:19(oer4,55 bes
[   9.76] P:Hash tables configured (established 8192 bind 8192)

[   0.0245] P shab eri: 2 rde:  184yt)   4.073] P-teastae trs:12orr:, 38 byts)[ 42809]ETRestedroco fil1   43.40] i 00000.: imitin decPCPCtrsfs[   4.34] i 000:.0AcivinISDMha wkaound
  5.28] paininras.
[   48.901462] Freeing initrd memory: 10916K
[   8.489] platforrtcm: egstedlaorRTdecenoNPevic fund)
  0.22] c:efneTSclksrccabrio 202.840 MHz

[   51.214816] clksrc t: sk0xffffffffmacyes0x9d7beac,axdlns 479906 
ÿ[   51.215034] Scanning fr w mo cruion er60ecds

[   51.215481] audit: initializing netlink subsys (disabled)
[   51.215501] audit: type=2000 audit(1522632325.939:1): initialized
[   51.215965] Initialise system trusted keyring
[   51.216116] HugeTLB registered 2 MB page size, pre-allocated 0 pages
[   51.218422] zbud: loaded
[   51.218602] VFS: Disk quotas dquot_6.6.0
[   51.218648] VFS: Dquot-cache hash table entries: 1024 (order 0, 4096 bytes)
[   51.218960] squashfs: version 4.0 (2009/01/31) Phillip Lougher
[   51.219264] fuse init (API version 7.23)
[   51.219455] Key type big_key registered
[   51.219493] Allocating IMA MOK and blacklist keyrings.
[   51.219967] Key type asymmetric registered
[   51.219978] Asymmetric key parser 'x509' registered
[   51.220000] bounce: pool size: 64 pages
[   51.220041] Block layer SCSI generic (bsg) driver version 0.4 loaded (major 249)
[   51.220068] io scheduler noop registered
[   51.220070] io scheduler deadline registered (default)
[   51.220111] io scheduler cfq registered
[   51.220232] pci_hotplug: PCI Hot Plug PCI Core version: 0.5
[   51.220240] pciehp: PCI Express Hot Plug Controller Driver version: 0.4
[   51.220400] ACPI: AC Adapter [AC] (off-line)
[   51.220466] input: Power Button as /devices/LNXSYSTM:00/LNXPWRBN:00/input/input0
[   51.220469] ACPI: Power Button [PWRF]
[   51.220560] input: Sleep Button as /devices/LNXSYSTM:00/LNXSLPBN:00/input/input1
[   51.220562] ACPI: Sleep Button [SLPF]
[   51.220726] GHES: HEST is not enabled!
[   51.221937] ACPI: Battery Slot [BAT0] (battery present)
[   51.221969] isapnp: Scanning for PnP cards...
[   51.227609] Serial: 8250/16550 driver, 32 ports, IRQ sharing enabled
[   52.797112] 00:02: ttyS0 at I/O 0x3f8 (irq = 4, base_baud = 115200) is a 16550A
[   53.846591] isapnp: No Plug & Play device found
[   53.848647] Linux agpgart interface v0.103
[   53.928331] loop: module loaded
[   53.929318] scsi host0: ata_piix
[   53.929422] scsi host1: ata_piix
[   53.929480] ata1: PATA max UDMA/33 cmd 0x1f0 ctl 0x3f6 bmdma 0xd000 irq 14
[   53.929482] ata2: PATA max UDMA/33 cmd 0x170 ctl 0x376 bmdma 0xd008 irq 15
[   53.929611] libphy: Fixed MDIO Bus: probed
[   53.929614] tun: Universal TUN/TAP device driver, 1.6
[   53.929615] tun: (C) 1999-2004 Max Krasnyansky <maxk@qualcomm.com>
[   53.930250] PPP generic driver version 2.4.2
[   53.930342] ehci_hcd: USB 2.0 'Enhanced' Host Controller (EHCI) Driver
[   53.930348] ehci-pci: EHCI PCI platform driver
[   53.930373] ehci-platform: EHCI generic platform driver
[   53.930387] ohci_hcd: USB 1.1 'Open' Host Controller (OHCI) Driver
[   53.930392] ohci-pci: OHCI PCI platform driver
[   53.930406] ohci-platform: OHCI generic platform driver
[   53.930417] uhci_hcd: USB Universal Host Controller Interface driver
[   53.930513] i8042: PNP: PS/2 Controller [PNP0303:PS2K,PNP0ff3:PS2M] at 0x60,0x64 irq 1,12
[   53.931326] serio: i8042 KBD port at 0x60,0x64 irq 1
[   53.931334] serio: i8042 AUX port at 0x60,0x64 irq 12
[   53.931522] mousedev: PS/2 mouse device common for all mice
[   53.932036] input: AT Translated Set 2 keyboard as /devices/platform/i8042/serio0/input/input2
[   53.932521] rtc_cmos rtc_cmos: rtc core: registered rtc_cmos as rtc0
[   53.932604] rtc_cmos rtc_cmos: alarms up to one day, 114 bytes nvram
[   53.932614] i2c /dev entries driver
[   53.932691] device-mapper: uevent: version 1.0.3
[   53.933206] device-mapper: ioctl: 4.34.0-ioctl (2015-10-28) initialised: dm-devel@redhat.com
[   53.933246] platform eisa.0: Probing EISA bus 0
[   53.933249] platform eisa.0: EISA: Cannot allocate resource for mainboard
[   53.933251] platform eisa.0: Cannot allocate resource for EISA slot 1
[   53.933252] platform eisa.0: Cannot allocate resource for EISA slot 2
[   53.933254] platform eisa.0: Cannot allocate resource for EISA slot 3
[   53.933256] platform eisa.0: Cannot allocate resource for EISA slot 4
[   53.933257] platform eisa.0: Cannot allocate resource for EISA slot 5
[   53.933259] platform eisa.0: Cannot allocate resource for EISA slot 6
[   53.933260] platform eisa.0: Cannot allocate resource for EISA slot 7
[   53.933262] platform eisa.0: Cannot allocate resource for EISA slot 8
[   53.933264] platform eisa.0: EISA: Detected 0 cards
[   53.933288] cpufreq-nforce2: No nForce2 chipset.
[   53.933302] ledtrig-cpu: registered to indicate activity on CPUs
[   53.933634] NET: Registered protocol family 10
[   53.933895] NET: Registered protocol family 17
[   53.933909] Key type dns_resolver registered
[   53.941350] microcode: CPU0 sig=0x806e9, pf=0x2, revision=0x0
[   53.941383] microcode: CPU1 sig=0x806e9, pf=0x2, revision=0x0
[   53.941463] microcode: Microcode Update Driver: v2.01 <tigran@aivazian.fsnet.co.uk>, Peter Oruba
[   53.941478] Using IPI No-Shortcut mode
[   53.941650] registered taskstats version 1
[   53.941672] Loading compiled-in X.509 certificates
[   53.945806] Loaded X.509 cert 'Build time autogenerated kernel key: ff54afc682e3d37ddd1801097f0724ac37994f02'
[   53.945859] zswap: loaded using pool lzo/zbud
[   53.948944] Key type trusted registered
[   53.954677] Key type encrypted registered
[   53.954690] AppArmor: AppArmor sha1 policy hashing enabled
[   53.954708] ima: No TPM chip found, activating TPM-bypass!
[   53.954738] evm: HMAC attrs: 0x1
[   53.955167]   Magic number: 14:612:406
[   53.985402] rtc_cmos rtc_cmos: setting system clock to 2018-04-02 01:25:57 UTC (1522632357)
[   53.985567] BIOS EDD facility v0.16 2004-Jun-25, 0 devices found
[   53.985568] EDD information not available.
[   58.695976] Freeing unused kernel memory: 948K
[   58.778079] Write protecting the kernel text: 8012k
[   58.907407] Write protecting the kernel read-only data: 3176k
[   59.059206] NX-protecting the kernel data: 6324k
Loading, please wait...
[   59.167299] random: systemd-udevd: uninitialized urandom read (16 bytes read, 6 bits of entropy available)
starting version[   59.167947] random: udevadm: uninitialized urandom read (16 bytes read, 6 bits of entropy available)
 229
[   59.187760] random: udevadm: uninitialized urandom read (16 bytes read, 6 bits of entropy available)
[   59.187856] random: udevadm: uninitialized urandom read (16 bytes read, 6 bits of entropy available)
[   59.188231] random: udevadm: uninitialized urandom read (16 bytes read, 6 bits of entropy available)
[   59.188349] random: udevadm: uninitialized urandom read (16 bytes read, 6 bits of entropy available)
[   59.188457] random: udevadm: uninitialized urandom read (16 bytes read, 6 bits of entropy available)
[   59.188575] random: udevadm: uninitialized urandom read (16 bytes read, 6 bits of entropy available)
[   59.188687] random: udevadm: uninitialized urandom read (16 bytes read, 6 bits of entropy available)
[   59.188793] random: udevadm: uninitialized urandom read (16 bytes read, 6 bits of entropy available)
[   60.688624] Fusion MPT base driver 3.04.20
[   60.715045] Copyright (c) 1999-2008 LSI Corporation
[   60.719169] e1000: Intel(R) PRO/1000 Network Driver - version 7.3.21-k8-NAPI
[   60.720806] e1000: Copyright (c) 1999-2006 Intel Corporation.
[   60.787754] Fusion MPT SPI Host driver 3.04.20
[   60.963487] input: ImExPS/2 Generic Explorer Mouse as /devices/platform/i8042/serio1/input/input4
[   61.261225] e1000 0000:00:03.0 eth0: (PCI:33MHz:32-bit) 02:85:c2:61:be:ec
[   61.395211] e1000 0000:00:03.0 eth0: Intel(R) PRO/1000 Network Connection
[   61.572660] mptbase: ioc0: Initiating bringup
[   61.573566] e1000 0000:00:03.0 enp0s3: renamed from eth0
[   61.790884] ioc0: LSI53C1030 A0: Capabilities={Initiator}
[   62.027181] scsi host2: ioc0: LSI53C1030 A0, FwRev=00000000h, Ports=1, MaxQ=256, IRQ=20
[   62.415385] scsi 2:0:0:0: Direct-Access     VBOX     HARDDISK         1.0  PQ: 0 ANSI: 5
[   64.148548] scsi target2:0:0: Beginning Domain Validation
[   65.625628] floppy0: no floppy controllers found
[   65.717622] scsi target2:0:0: Domain Validation skipping write tests
[   65.870748] scsi target2:0:0: Ending Domain Validation
[   65.976261] scsi target2:0:0: asynchronous
[   66.072076] scsi 2:0:1:0: Direct-Access     VBOX     HARDDISK         1.0  PQ: 0 ANSI: 5
[   66.236642] scsi target2:0:1: Beginning Domain Validation
[   66.334134] scsi target2:0:1: Domain Validation skipping write tests
[   66.706038] scsi target2:0:1: Ending Domain Validation
[   66.829955] scsi target2:0:1: asynchronous
[   66.881059] sd 2:0:0:0: [sda] 20971520 512-byte logical blocks: (10.7 GB/10.0 GiB)
[   66.881092] sd 2:0:0:0: Attached scsi generic sg0 type 0
[   66.881486] sd 2:0:1:0: Attached scsi generic sg1 type 0
[   67.167340] sd 2:0:1:0: [sdb] 20480 512-byte logical blocks: (10.5 MB/10.0 MiB)
[   67.167519] sd 2:0:0:0: [sda] Write Protect is off
[   67.167624] sd 2:0:0:0: [sda] Incomplete mode parameter data
[   67.167625] sd 2:0:0:0: [sda] Assuming drive cache: write through
[   67.345428]  sda: sda1
[   67.346264] sd 2:0:0:0: [sda] Attached SCSI disk
[   67.669229] sd 2:0:1:0: [sdb] Write Protect is off
[   67.742149] sd 2:0:1:0: [sdb] Incomplete mode parameter data
[   67.829577] sd 2:0:1:0: [sdb] Assuming drive cache: write through
[   67.950348] sd 2:0:1:0: [sdb] Attached SCSI disk
Begin: Loading e[   69.713267] md: linear personality registered for level -1
ssential drivers ... [   69.862215] md: multipath personality registered for level -4
[   69.951332] md: raid0 personality registered for level 0
[   70.016373] md: raid1 personality registered for level 1
[   70.242009] raid6: mmxx1    gen()  3076 MB/s
[   70.406005] raid6: mmxx2    gen()  3094 MB/s
[   70.550024] raid6: sse1x1   gen()  2981 MB/s
[   70.658063] raid6: sse1x2   gen()  3168 MB/s
[   70.790446] raid6: sse2x1   gen()  6098 MB/s
[   70.914071] raid6: sse2x1   xor()  3917 MB/s
[   71.050508] raid6: sse2x2   gen()  7789 MB/s
[   71.130041] raid6: sse2x2   xor()  5678 MB/s
[   71.241993] raid6: avx2x1   gen() 11040 MB/s
[   71.341995] raid6: avx2x2   gen() 12442 MB/s
[   71.409394] raid6: using algorithm avx2x2 gen() 12442 MB/s
[   71.511627] raid6: using avx2x1 recovery algorithm
[   71.625896] xor: automatically using best checksumming function:
[   71.782569]    avx       : 11567.000 MB/sec
[   71.898470] async_tx: api initialized (async)
[   72.001334] md: raid6 personality registered for level 6
[   72.091184] md: raid5 personality registered for level 5
[   72.117956] md: raid4 personality registered for level 4
[   72.206181] md: raid10 personality registered for level 10
done.
Begin: Running /scripts/init-premount ... done.
Begin: Mounting root file system ... Begin: Running /scripts/local-top ... done.
Begin: Runnin[   72.296419] Btrfs loaded
g /scripts/local-premount ... Scanning for Btrfs[   72.375351] EXT4-fs (sda1): INFO: recovery required on readonly filesystem
 filesystems
do[   72.515480] EXT4-fs (sda1): write access will be enabled during recovery
ne.
Warning: fsck not present, so skipping root file system
[   72.932747] EXT4-fs (sda1): orphan cleanup on readonly fs
[   73.648871] EXT4-fs (sda1): 5 orphan inodes deleted
[   73.696139] EXT4-fs (sda1): recovery complete
[   73.728467] EXT4-fs (sda1): mounted filesystem with ordered data mode. Opts: (null)
done.
Begin: Running /scripts/local-bottom ... done.
Begin: Running /[   73.852831] random: nonblocking pool is initialized
scripts/init-bottom ... done.
[   74.869674] systemd[1]: systemd 229 running in system mode. (+PAM +AUDIT +SELINUX +IMA +APPARMOR +SMACK +SYSVINIT +UTMP +LIBCRYPTSETUP +GCRYPT +GNUTLS +ACL +XZ -LZ4 +SECCOMP +BLKID +ELFUTILS +KMOD -IDN)
[   75.310144] systemd[1]: Detected virtualization oracle.
[   75.443191] systemd[1]: Detected architecture x86.

Welcome to [1mUbuntu 16.04.4 LTS[0m!

[   75.641477] systemd[1]: Set hostname to <ubuntu-xenial>.
[   77.440989] systemd[1]: Reached target System Time Synchronized.
[[0;32m  OK  [0m] Reached target System Time Synchronized.
[   77.679430] systemd[1]: Reached target User and Group Name Lookups.
[[0;32m  OK  [0m] Reached target User and Group Name Lookups.
[   77.915161] systemd[1]: Listening on LVM2 metadata daemon socket.
[[0;32m  OK  [0m] Listening on LVM2 metadata daemon socket.
[   78.139759] systemd[1]: Created slice System Slice.
[[0;32m  OK  [0m] Created slice System Slice.
[   78.275626] systemd[1]: Set up automount Arbitrary Executable File Formats File System Automount Point.
[[0;32m  OK  [0m] Set up automount Arbitrary Executab...ats File System Automount Point.
[   78.554707] systemd[1]: Started Trigger resolvconf update for networkd DNS.
[[0;32m  OK  [0m] Started Trigger resolvconf update for networkd DNS.
[   78.831878] systemd[1]: Listening on Journal Socket (/dev/log).
[[0;32m  OK  [0m] Listening on Journal Socket (/dev/log).
[   79.051538] systemd[1]: Listening on Journal Socket.
[[0;32m  OK  [0m] Listening on Journal Socket.
[   79.259200] systemd[1]: Mounting Debug File System...
         Mounting Debug File System...
[   79.423233] systemd[1]: Starting Create list of required static device nodes for the current kernel...
         Starting Create list of required st... nodes for the current kernel...
[   79.594543] systemd[1]: Starting Remount Root and Kernel File Systems...
         [   79.634239] EXT4-fs (sda1): re-mounted. Opts: (null)
Starting Remount Root and Kernel File Systems...
[   79.787656] systemd[1]: Listening on LVM2 poll daemon socket.
[[0;32m  OK  [0m] Listening on LVM2 poll daemon socket.
[   80.039061] systemd[1]: Mounting POSIX Message Queue File System...
         Mounting POSIX Message Queue File System...
[   80.231845] systemd[1]: Listening on Syslog Socket.
[[0;32m  OK  [0m] Listening on Syslog Socket.
[   80.461079] systemd[1]: Starting Nameserver information manager...
         Starting Nameserver information manager...
[   80.63752] systemd[1]: Listening on Device-mapper event daemon FIFOs.
[[0;32m  OK  [0m] Listening on Device-mapper event daemon FIFOs.
[   80.910982] systemd[1]: Starting Load Kernel Modules...
         Starting Load Kernel Modules...
[   81.050860] systemd[1]: Listening on udev Kernel Socket.
[[0;32m  OK  [0m] Listening on [   81.146710] Loading iSCSI transport class v2.0-870.
udev Kernel Socket.
[   81.258809] systemd[1]: Started Forward Password Requests to Wall Directory Watch.
[[0;32m  OK  [0m] Started Forward Password Requ[   81.467471] iscsi: registered transport (tcp)
ests to Wall Directory Watch.
[   81.584924] systemd[1]: Starting Monitoring of LVM2 mirrors, snapshots etc. using dmeventd or progress polling...
         Starting Monitoring of LVM2 mirr[   81.780011] iscsi: registered transport (iser)
ors... dmeventd or progress polling...
[   8274244] systemd[1]: Created slice User and Session Slice.
[[0;32m  OK  [0m] Created slice User and Session Slice.
[ 8290666] system1]Rehetaetwa.
[[0;32m  OK  [0m] Reached target Swap.
[   83.671931] system[1 Liseng n evCorol Soet

[[0;32m  OK  [0m] Listening on udev Control Socket.
[   84.386615] systemd[1]: Starting Uncomplicated firewall...
         Starting Uncomplicated firewall...
[ 8451430] sstem[1 Rch tgeSlces.

[[0;32m  OK  [0m] Reached target Slices.
[ 85466]ysmd1]: eached tgeEnypd lus.
[[0;32m  OK  [0m] Reached target Encrypted Volumes.
[   86.266878] systemd[1]: Starting Set console keymap...
         Starting Set console keymap...
[   86.410650] systemd[1]: Listening on /dev/initctl Compatibility Named Pipe.
[[0;32m  OK  [0m] Listening on /dev/initctl Compatibility Named Pipe.
[   86.498110] systemd[1]: Mounting Huge Pages File System...
         Mounting Huge Pages File System...
[   86723]ysmd]:Create sceysm-ril\dgtty.slic.
[[0;32m  OK  [0m] Created slice system-serial\x2dgetty.slice.
[   7.7805 ste[1: Litengn url diSockt.
[[0;32m  OK  [0m] Listening on Journal Audit Socket.
[   88.806263] systemd[1]: Starting Journal Service...
         Starting Journal Service...
[   88.964323] systemd[1]: Mounted POSIX Message Queue File System.
[[0;32m  OK  [0m] Mounted POSIX Message Queue File System.
[ 89.0700] syte[1 Mnt He PaesFileSyem
[[0;32m  OK  [0m] Mounted Huge Pages File System.
[ 89908]yste[1]:MoteDeg leyste
[[0;32m  OK  [0m] Mounted Debug File System.
[ 90748]systmd]: Startd url rve.
[[0;32m  OK  [0m] Started Journal Service.
[[0;32m  OK  [0m] Started Create list of required sta...ce nodes for the current kernel.
[[0;32m  OK  [0m] Started Remount Root and Kernel File Systems.
[[0;32m  OK  [0m] Started Load Kernel Modules.
[[0;32m  OK  [0m] Started Uncomplicated firewall.
[[0;32m  OK  [0m] Started Set console keymap.
[[0;32m  OK  [0m] Started Nameserver information manager.
[[0;32m  OK  [0m] Started LVM2 metadata daemon.
         Mounting FUSE Control File System...
         Starting Apply Kernel Variables...
         Starting Initial cloud-init job (pre-networking)...
         Starting Load/Save Random Seed...
         Starting udev Coldplug all Devices...
         Starting Create Static Device Nodes in /dev...
         Starting Flush Journal to Persistent Storage...
[[0;32m  OK  [0m] Mounted FUSE Control File System.
[[0;32m  OK  [0m] Started Monitoring of LVM2 mirrors,...ng dmeventd or progress polling.
[[0;32m  OK  [0m] Started Apply Kernel Variables.
[[0;32m  OK  [0m] Started Load/Save Random Seed.
[[0;32m  OK  [0m] Started udev Coldplug all Devices.
[[0;32m  OK  [0m] Started Flush Journal to Persistent Storage.
[[0;32m  OK  [0m] Started Create Static Device Nodes in /dev.
         Starting udev Kernel Device Manager...
[[0;32m  OK  [0m] Started udev Kernel Device Manager.
[[0;32m  OK  [0m] Reached target Local File Systems (Pre).
[[0;32m  OK  [0m] Reached target Local File Systems.
         Starting LSB: AppArmor initialization...
         Starting Tell Plymouth To Write Out Runtime Data...
         Starting Create Volatile Files and Directories...
         Starting Set console font and keymap...
[[0;32m  OK  [0m] Started Dispatch Password Requests to Console Directory Watch.
[[0;32m  OK  [0m] Started Tell Plymouth To Write Out Runtime Data.
[[0;32m  OK  [0m] Started Create Volatile Files and Directories.
[[0;32m  OK  [0m] Found device /dev/ttyS0.
         Starting Update UTMP about System Boot/Shutdown...
[[0;32m  OK  [0m] Started Update UTMP about System Boot/Shutdown.
[[0;32m  OK  [0m] Started Set console font and keymap.
[[0;32m  OK  [0m] Created slice system-getty.slice.
[[0;32m  OK  [0m] Found device 82540EM Gigabit Ethern...r (PRO/1000 MT Desktop Adapter).
[[0;32m  OK  [0m] Listening on Load/Save RF Kill Switch Status /dev/rfkill Watch.
[[0;32m  OK  [0m] Started LSB: AppArmor initialization.
[   68.921789] cloud-init[437]: Cloud-init v. 17.2 running 'init-local' at Mon, 02 Apr 2018 01:26:46 +0000. Up 67.86 seconds.
[[0;32m  OK  [0m] Started Initial cloud-init job (pre-networking).
[[0;32m  OK  [0m] Reached target Network (Pre).
         Starting Raise network interfaces...
[[0;32m  OK  [0m] Started ifup for enp0s3.
[[0;32m  OK  [0m] Started Raise network interfaces.
         Starting Initial cloud-init job (metadata service crawler)...
[[0;32m  OK  [0m] Reached target Network.
[   72.362191] cloud-init[974]: Cloud-init v. 17.2 running 'init' at Mon, 02 Apr 2018 01:26:48 +0000. Up 70.07 seconds.
[   72.460956] cloud-init[974]: ci-info: +++++++++++++++++++++++++++++++++++++Net device info++++++++++++++++++++++++++++++++++++++
[   72.461653] cloud-init[974]: ci-info: +--------+------+----------------------------+---------------+-------+-------------------+
[[0;32m  OK  [0m] Started Initial cloud-init job (metadata service crawler).
[   72.462188] cloud-init[974]: ci-info: | Device |  Up  |          Address           |      Mask     | Scope |     Hw-Address    |
[   72.784526] cloud-init[974]: ci-info: +--------+------+----------------------------+---------------+-------+-------------------+
[   72.784844] cloud-init[974]: ci-info: | enp0s3 | True |         10.0.2.15          | 255.255.255.0 |   .   | 02:85:c2:61:be:ec |
[[0;32m  OK  [0m] Reached target System Initialization.
[   72.785058] cloud-init[974]: ci-info: | enp0s3 | True | fe80::85:c2ff:fe61:beec/64 |       .       |  link | 02:85:c2:61:be:ec |
[   73.233271] cloud-init[974]: ci-info: |   lo   | True |         127.0.0.1          |   255.0.0.0   |   .   |         .         |
[   73.234103] cloud-init[974]: ci-info: |   lo   | True |          ::1/128           |       .       |  host |         .         |
         Starting Socket activation for snappy daemon.
[   73.234552] cloud-init[974]: ci-info: +--------+------+----------------------------+---------------+-------+-------------------+
[   73.533940] cloud-init[974]: ci-info: +++++++++++++++++++++++++++Route IPv4 info++++++++++++++++++++++++++++
[[0;32m  OK  [0m] Listening on UUID daemon activation socket.
         Starting LXD - unix socket.
[[0;32m  OK  [0m] Listening on D-Bus System Message Bus Socket.
[   73.534044] cloud-init[974]: ci-info: +-------+-------------+----------+---------------+-----------+-------+
[   73.922109] cloud-init[974]: ci-info: | Route | Destination | Gateway  |    Genmask    | Interface | Flags |
[   73.922520] cloud-init[974]: ci-info: +-------+-------------+----------+---------------+-----------+-------+
[[0;32m  OK  [0m] Started Daily apt download activities.
[   73.922679] cloud-init[974]: ci-info: |   0   |   0.0.0.0   | 10.0.2.2 |    0.0.0.0    |   enp0s3  |   UG  |
[   74.294979] cloud-init[974]: ci-info: |   1   |   10.0.2.0  | 0.0.0.0  | 255.255.255.0 |   enp0s3  |   U   |
[   74.295299] cloud-init[974]: ci-info: +-------+-------------+----------+---------------+-----------+-------+
[[0;32m  OK  [0m] Started ACPI Events Check.
[[0;32m  OK  [0m] Reached target Paths.
[[0;32m  OK  [0m] Started Timer to automatically refresh installed snaps.
[[[;32m  OK  [0m] Listening on ACPID Listen Socket.
[[0;32m  OK  [0m] Started Daily apt upgrade and clean activities.
[[0;32m  OK  [0m] Started Daily Cleanup of Temporary Directories.
[[0;32m  OK  [0m] Reached target Timers.
[[0;32m  OK  [0m] Reached target Network is Online.
         Starting iSCSI initiator daemon (iscsid)...
[[0;32m  OK  [0m] Reached target Cloud-config availability.
[[0;32m  OK  [0m] Listening on Socket activation for snappy daemon.
[[0;32m  OK  [0m] Listening on LXD - unix socket.
[[0;32m  OK  [0m] Reached target Sockets.
[[0;32m  OK  [0m] Reached target Basic System.
         Starting Apply the settings specified in cloud-config...
         Starting LSB: Record successful boot for GRUB...
[[0;32m  OK  [0m] Started D-Bus System Message Bus.
         Starting /etc/rc.local Compatibility...
[[0;32m  OK  [0m] Started Regular background program processing daemon.
         Starting System Logging Service...
[   76.226624] cloud-init[1028]: Cloud-init v. 17.2 running 'modules:config' at Mon, 02 Apr 2018 01:26:54 +0000. Up 75.66 seconds.
         Starting Accounts Service...
         Starting Login Service...
[[0;32m  OK  [0m] Started Deferred execution scheduler.
[[0;32m  OK  [0m] Started ACPI event daemon.
         Starting LXD - container startup/shutdown...
         Starting vboxadd.service...
         Starting OpenBSD Secure Shell server...
[[0;32m  OK  [0m] Started FUSE filesystem for LXC.
         Starting Snappy daemon...
         Starting MySQL Community Server...
[[0;32m  OK  [0m] Started Unattended Upgrades Shutdown.
         Starting LSB: MD monitoring daemon...
[[0;32m  OK  [0m] Started System Logging Service.
[[0;32m  OK  [0m] Started iSCSI initiator daemon (iscsid).
[[0;32m  OK  [0m] Started Apply the settings specified in cloud-config.
[[0;32m  OK  [0m] Started /etc/rc.local Compatibility.
         Starting Login to default iSCSI targets...
[[0;32m  OK  [0m] Started Login Service.
[[0;32m  OK  [0m] Started LSB: Record successful boot for GRUB.
[[0;32m  OK  [0m] Started Login to default iSCSI targets.
[[0;32m  OK  [0m] Reached target Remote File Systems (Pre).
[[0;32m  OK  [0m] Reached target Remote File Systems.
         Starting LSB: daemon to balance interrupts for SMP systems...
         Starting Permit User Sessions...
         Starting LSB: Set the CPU Frequency Scaling governor to "ondemand"...
         Starting LSB: automatic crash report generation...
[[0;32m  OK  [0m] Started LSB: MD monitoring daemon.
[[0;32m  OK  [0m] Started Permit User Sessions.
[[0;32m  OK  [0m] Started LSB: Set the CPU Frequency Scaling governor to "ondemand".
         Starting Hold until boot process finishes up...
         Starting Terminate Plymouth Boot Screen...
[[0;32m  OK  [0m] Started Hold until boot process finishes up.
[[0;32m  OK  [0m] Started Terminate Plymouth Boot Screen.
[[0;32m  OK  [0m] Started OpenBSD Secure Shell server.
[[0;32m  OK  [0m] Started LSB: daemon to balance interrupts for SMP systems.
[[0;32m  OK  [0m] Started vboxadd.service.
         Starting vboxadd-service.service...
         Starting Authenticate and Authorize Users to Run Privileged Tasks...
[[0;32m  OK  [0m] Started Serial Getty on ttyS0.
[[0;32m  OK  [0m] Started Getty on tty1.
[[0;32m  OK  [0m] Reached target Login Prompts.
         Starting Set console scheme...
[[0;32m  OK  [0m] Started LSB: automatic crash report generation.
[[0;32m  OK  [0m] Started Set console scheme.
[[0;32m  OK  [0m] Started vboxadd-service.service.
[[0;32m  OK  [0m] Started Authenticate and Authorize Users to Run Privileged Tasks.
[[0;32m  OK  [0m] Started Accounts Service.
[[0;32m  OK  [0m] Started LXD - container startup/shutdown.
[[0;32m  OK  [0m] Created slice User Slice of vagrant.
         Starting User Manager for UID 1000...
[[0;32m  OK  [0m] Started Session 1 of user vagrant.
[[0;32m  OK  [0m] Started Snappy daemon.
[[0;32m  OK  [0m] Started User Manager for UID 1000.

Ubuntu 16.04.4 LTS ubuntu-xenial ttyS0

ubuntu-xenial login: [   92.068386] cloud-init[1482]: Cloud-init v. 17.2 running 'modules:final' at Mon, 02 Apr 2018 01:27:10 +0000. Up 91.72 seconds.
[   92.068878] cloud-init[1482]: Cloud-init v. 17.2 finished at Mon, 02 Apr 2018 01:27:10 +0000. Datasource DataSourceNoCloud [seed=/dev/sdb][dsmode=net].  Up 92.06 seconds
